<?xml version="1.0" encoding="UTF-8"?>
<testsuite xmlns:xsi="http://www.w3.org/2001/XMLSchema-instance" xsi:noNamespaceSchemaLocation="https://maven.apache.org/surefire/maven-surefire-plugin/xsd/surefire-test-report-3.0.xsd" version="3.0" name="com.gridiron.ecommerce.integration.order.OrderServiceIntegrationTest" time="4.622" tests="5" errors="0" skipped="0" failures="0">
  <properties>
[...]
</properties>
  <testcase name="updateOrderStatusByOrderId_ShouldUpdateStatus_WhenOrderExists" classname="com.gridiron.ecommerce.integration.order.OrderServiceIntegrationTest" time="0.045">
    <system-out><![CDATA[11:48:21.547 [main] INFO org.springframework.test.context.support.AnnotationConfigContextLoaderUtils -- Could not detect default configuration classes for test class [com.gridiron.ecommerce.integration.order.OrderServiceIntegrationTest]: OrderServiceIntegrationTest does not declare any static, non-private, non-final, nested classes annotated with @Configuration.
11:48:21.615 [main] INFO org.springframework.boot.test.context.SpringBootTestContextBootstrapper -- Found @SpringBootConfiguration com.gridiron.ecommerce.ECommerceApplication for test class com.gridiron.ecommerce.integration.order.OrderServiceIntegrationTest
11:48:21.695 [main] INFO org.testcontainers.images.PullPolicy -- Image pull policy will be performed by: DefaultPullPolicy()
11:48:21.696 [main] INFO org.testcontainers.utility.ImageNameSubstitutor -- Image name substitution will be performed by: DefaultImageNameSubstitutor (composite of 'ConfigurationFileImageNameSubstitutor' and 'PrefixingImageNameSubstitutor')
11:48:21.818 [main] INFO org.testcontainers.dockerclient.DockerClientProviderStrategy -- Loaded org.testcontainers.dockerclient.UnixSocketClientProviderStrategy from ~/.testcontainers.properties, will try it first
11:48:21.991 [main] INFO org.testcontainers.dockerclient.DockerClientProviderStrategy -- Found Docker environment with local Unix socket (unix:///var/run/docker.sock)
11:48:21.991 [main] INFO org.testcontainers.DockerClientFactory -- Docker host IP address is localhost
11:48:22.007 [main] INFO org.testcontainers.DockerClientFactory -- Connected to docker: 
  Server Version: 27.2.0
  API Version: 1.47
  Operating System: Docker Desktop
  Total Memory: 7839 MB
11:48:22.061 [main] INFO tc.testcontainers/ryuk:0.7.0 -- Creating container for image: testcontainers/ryuk:0.7.0
11:48:22.269 [main] INFO tc.testcontainers/ryuk:0.7.0 -- Container testcontainers/ryuk:0.7.0 is starting: 54f991458048df943acb85d7dd874660c7a9469e301e8b0f073c154445a2b73f
11:48:22.567 [main] INFO tc.testcontainers/ryuk:0.7.0 -- Container testcontainers/ryuk:0.7.0 started in PT0.506676S
11:48:22.573 [main] INFO org.testcontainers.utility.RyukResourceReaper -- Ryuk started - will monitor and terminate Testcontainers containers on JVM exit
11:48:22.573 [main] INFO org.testcontainers.DockerClientFactory -- Checking the system...
11:48:22.574 [main] INFO org.testcontainers.DockerClientFactory -- ✔︎ Docker server version should be at least 1.6.0
11:48:22.574 [main] INFO tc.postgres:latest -- Creating container for image: postgres:latest
11:48:22.629 [main] INFO tc.postgres:latest -- Container postgres:latest is starting: 3d8370667201d565a18823dea9607c23443f7b4fb00b088f19dce374b2237cab
11:48:23.550 [main] INFO tc.postgres:latest -- Container postgres:latest started in PT0.975999S
11:48:23.551 [main] INFO tc.postgres:latest -- Container is started (JDBC URL: jdbc:postgresql://localhost:58771/test_db?loggerLevel=OFF)

  .   ____          _            __ _ _
 /\\ / ___'_ __ _ _(_)_ __  __ _ \ \ \ \
( ( )\___ | '_ | '_| | '_ \/ _` | \ \ \ \
 \\/  ___)| |_)| | | | | || (_| |  ) ) ) )
  '  |____| .__|_| |_|_| |_\__, | / / / /
 =========|_|==============|___/=/_/_/_/

 :: Spring Boot ::                (v3.3.4)

2024-10-24T11:48:23.747+01:00  INFO 7539 --- [e-commerce] [           main] c.g.e.i.o.OrderServiceIntegrationTest    : Starting OrderServiceIntegrationTest using Java 21.0.4 with PID 7539 (started by olakunlelawal in /Users/olakunlelawal/IdeaProjects/springboot-lawal_o)
2024-10-24T11:48:23.747+01:00  INFO 7539 --- [e-commerce] [           main] c.g.e.i.o.OrderServiceIntegrationTest    : The following 1 profile is active: "development"
2024-10-24T11:48:24.091+01:00  INFO 7539 --- [e-commerce] [           main] .s.d.r.c.RepositoryConfigurationDelegate : Bootstrapping Spring Data JPA repositories in DEFAULT mode.
2024-10-24T11:48:24.124+01:00  INFO 7539 --- [e-commerce] [           main] .s.d.r.c.RepositoryConfigurationDelegate : Finished Spring Data repository scanning in 28 ms. Found 6 JPA repository interfaces.
2024-10-24T11:48:24.359+01:00  INFO 7539 --- [e-commerce] [           main] o.hibernate.jpa.internal.util.LogHelper  : HHH000204: Processing PersistenceUnitInfo [name: default]
2024-10-24T11:48:24.395+01:00  INFO 7539 --- [e-commerce] [           main] org.hibernate.Version                    : HHH000412: Hibernate ORM core version 6.5.3.Final
2024-10-24T11:48:24.421+01:00  INFO 7539 --- [e-commerce] [           main] o.h.c.internal.RegionFactoryInitiator    : HHH000026: Second-level cache disabled
2024-10-24T11:48:24.481+01:00  INFO 7539 --- [e-commerce] [           main] o.s.o.j.p.SpringPersistenceUnitInfo      : No LoadTimeWeaver setup: ignoring JPA class transformer
2024-10-24T11:48:24.495+01:00  INFO 7539 --- [e-commerce] [           main] com.zaxxer.hikari.HikariDataSource       : HikariPool-1 - Starting...
2024-10-24T11:48:24.594+01:00  INFO 7539 --- [e-commerce] [           main] com.zaxxer.hikari.pool.HikariPool        : HikariPool-1 - Added connection org.postgresql.jdbc.PgConnection@6bf70600
2024-10-24T11:48:24.595+01:00  INFO 7539 --- [e-commerce] [           main] com.zaxxer.hikari.HikariDataSource       : HikariPool-1 - Start completed.
2024-10-24T11:48:24.616+01:00  WARN 7539 --- [e-commerce] [           main] org.hibernate.orm.deprecation            : HHH90000025: PostgreSQLDialect does not need to be specified explicitly using 'hibernate.dialect' (remove the property setting and it will be selected by default)
2024-10-24T11:48:25.105+01:00  INFO 7539 --- [e-commerce] [           main] o.h.e.t.j.p.i.JtaPlatformInitiator       : HHH000489: No JTA platform available (set 'hibernate.transaction.jta.platform' to enable JTA platform integration)
Hibernate: create table cart (id bigint generated by default as identity, created_at timestamp(6) not null, updated_at timestamp(6) not null, user_id bigint not null, primary key (id))
Hibernate: create table cart_item (id bigint generated by default as identity, created_at timestamp(6) not null, updated_at timestamp(6) not null, quantity integer not null, cart_id bigint not null, product_id bigint not null, primary key (id))
Hibernate: create table order_items (id bigint generated by default as identity, created_at timestamp(6) not null, updated_at timestamp(6) not null, price numeric(38,2) not null, quantity integer not null, order_id bigint not null, product_id bigint not null, primary key (id))
Hibernate: create table orders (id bigint generated by default as identity, created_at timestamp(6) not null, updated_at timestamp(6) not null, canceled_at timestamp(6), delivered_at timestamp(6), shipped_at timestamp(6), status varchar(255) not null check (status in ('PENDING','SHIPPED','DELIVERED','CANCELED')), total_price numeric(38,2) not null, user_id bigint not null, primary key (id))
Hibernate: create table products (id bigint generated by default as identity, created_at timestamp(6) not null, updated_at timestamp(6) not null, availability_quantity integer not null, description varchar(255) not null, name varchar(255) not null, price numeric(38,2) not null, primary key (id))
Hibernate: create table user_roles (user_id bigint not null, role varchar(255) check (role in ('CUSTOMER','ADMIN')))
Hibernate: create table users (id bigint generated by default as identity, created_at timestamp(6) not null, updated_at timestamp(6) not null, email varchar(255) not null, first_name varchar(255) not null, last_name varchar(255) not null, password varchar(255) not null, primary key (id))
Hibernate: alter table if exists cart drop constraint if exists UK9emlp6m95v5er2bcqkjsw48he
2024-10-24T11:48:25.144+01:00  WARN 7539 --- [e-commerce] [           main] o.h.engine.jdbc.spi.SqlExceptionHelper   : SQL Warning Code: 0, SQLState: 00000
2024-10-24T11:48:25.144+01:00  WARN 7539 --- [e-commerce] [           main] o.h.engine.jdbc.spi.SqlExceptionHelper   : constraint "uk9emlp6m95v5er2bcqkjsw48he" of relation "cart" does not exist, skipping
Hibernate: alter table if exists cart add constraint UK9emlp6m95v5er2bcqkjsw48he unique (user_id)
Hibernate: alter table if exists users drop constraint if exists UK6dotkott2kjsp8vw4d0m25fb7
2024-10-24T11:48:25.145+01:00  WARN 7539 --- [e-commerce] [           main] o.h.engine.jdbc.spi.SqlExceptionHelper   : SQL Warning Code: 0, SQLState: 00000
2024-10-24T11:48:25.145+01:00  WARN 7539 --- [e-commerce] [           main] o.h.engine.jdbc.spi.SqlExceptionHelper   : constraint "uk6dotkott2kjsp8vw4d0m25fb7" of relation "users" does not exist, skipping
Hibernate: alter table if exists users add constraint UK6dotkott2kjsp8vw4d0m25fb7 unique (email)
Hibernate: alter table if exists cart_item add constraint FK1uobyhgl1wvgt1jpccia8xxs3 foreign key (cart_id) references cart
Hibernate: alter table if exists cart_item add constraint FKqkqmvkmbtiaqn2nfqf25ymfs2 foreign key (product_id) references products
Hibernate: alter table if exists order_items add constraint FKbioxgbv59vetrxe0ejfubep1w foreign key (order_id) references orders
Hibernate: alter table if exists order_items add constraint FKocimc7dtr037rh4ls4l95nlfi foreign key (product_id) references products
Hibernate: alter table if exists user_roles add constraint FKhfh9dx7w3ubf1co1vdev94g3f foreign key (user_id) references users
2024-10-24T11:48:25.151+01:00  INFO 7539 --- [e-commerce] [           main] j.LocalContainerEntityManagerFactoryBean : Initialized JPA EntityManagerFactory for persistence unit 'default'
2024-10-24T11:48:25.300+01:00  INFO 7539 --- [e-commerce] [           main] o.s.d.j.r.query.QueryEnhancerFactory     : Hibernate is in classpath; If applicable, HQL parser will be used.
Hibernate: select u1_0.id from users u1_0 where u1_0.email=? fetch first ? rows only
Hibernate: insert into users (created_at,email,first_name,last_name,password,updated_at) values (?,?,?,?,?,?) returning id
Hibernate: insert into user_roles (user_id,role) values (?,?)
2024-10-24T11:48:25.824+01:00  WARN 7539 --- [e-commerce] [           main] JpaBaseConfiguration$JpaWebConfiguration : spring.jpa.open-in-view is enabled by default. Therefore, database queries may be performed during view rendering. Explicitly configure spring.jpa.open-in-view to disable this warning
2024-10-24T11:48:26.004+01:00  INFO 7539 --- [e-commerce] [           main] c.g.e.i.o.OrderServiceIntegrationTest    : Started OrderServiceIntegrationTest in 2.429 seconds (process running for 6.103)
Hibernate: insert into products (availability_quantity,created_at,description,name,price,updated_at) values (?,?,?,?,?,?) returning id
Hibernate: insert into cart (created_at,updated_at,user_id) values (?,?,?) returning id
Hibernate: insert into cart_item (cart_id,created_at,product_id,quantity,updated_at) values (?,?,?,?,?) returning id
Hibernate: select c1_0.id,c1_0.created_at,c1_0.updated_at,c1_0.user_id from cart c1_0 where c1_0.user_id=?
Hibernate: insert into orders (created_at,canceled_at,delivered_at,shipped_at,status,total_price,updated_at,user_id) values (?,?,?,?,?,?,?,?) returning id
Hibernate: insert into order_items (created_at,order_id,price,product_id,quantity,updated_at) values (?,?,?,?,?,?) returning id
Hibernate: select o1_0.id,o1_0.created_at,o1_0.canceled_at,o1_0.delivered_at,o1_0.shipped_at,o1_0.status,o1_0.total_price,o1_0.updated_at,o1_0.user_id from orders o1_0
]]></system-out>
  </testcase>
  <testcase name="updateOrderStatusByOrderId_ShouldThrowException_WhenStatusIsSame" classname="com.gridiron.ecommerce.integration.order.OrderServiceIntegrationTest" time="0.019">
    <system-out><![CDATA[Hibernate: insert into products (availability_quantity,created_at,description,name,price,updated_at) values (?,?,?,?,?,?) returning id
Hibernate: insert into cart (created_at,updated_at,user_id) values (?,?,?) returning id
Hibernate: insert into cart_item (cart_id,created_at,product_id,quantity,updated_at) values (?,?,?,?,?) returning id
Hibernate: select c1_0.id,c1_0.created_at,c1_0.updated_at,c1_0.user_id from cart c1_0 where c1_0.user_id=?
Hibernate: insert into orders (created_at,canceled_at,delivered_at,shipped_at,status,total_price,updated_at,user_id) values (?,?,?,?,?,?,?,?) returning id
Hibernate: insert into order_items (created_at,order_id,price,product_id,quantity,updated_at) values (?,?,?,?,?,?) returning id
Hibernate: select o1_0.id,o1_0.created_at,o1_0.canceled_at,o1_0.delivered_at,o1_0.shipped_at,o1_0.status,o1_0.total_price,o1_0.updated_at,o1_0.user_id from orders o1_0
]]></system-out>
  </testcase>
  <testcase name="createOrderForUser_ShouldThrowException_WhenCartIsEmpty" classname="com.gridiron.ecommerce.integration.order.OrderServiceIntegrationTest" time="0.013">
    <system-out><![CDATA[Hibernate: insert into products (availability_quantity,created_at,description,name,price,updated_at) values (?,?,?,?,?,?) returning id
Hibernate: insert into cart (created_at,updated_at,user_id) values (?,?,?) returning id
Hibernate: insert into cart_item (cart_id,created_at,product_id,quantity,updated_at) values (?,?,?,?,?) returning id
Hibernate: select c1_0.id,c1_0.created_at,c1_0.updated_at,c1_0.user_id from cart c1_0 where c1_0.user_id=?
Hibernate: select c1_0.id,c1_0.created_at,c1_0.updated_at,c1_0.user_id from cart c1_0 where c1_0.user_id=?
]]></system-out>
  </testcase>
  <testcase name="updateOrderStatusByOrderId_ShouldThrowException_WhenOrderNotFound" classname="com.gridiron.ecommerce.integration.order.OrderServiceIntegrationTest" time="0.012">
    <system-out><![CDATA[Hibernate: insert into products (availability_quantity,created_at,description,name,price,updated_at) values (?,?,?,?,?,?) returning id
Hibernate: insert into cart (created_at,updated_at,user_id) values (?,?,?) returning id
Hibernate: insert into cart_item (cart_id,created_at,product_id,quantity,updated_at) values (?,?,?,?,?) returning id
Hibernate: select o1_0.id,o1_0.created_at,o1_0.canceled_at,o1_0.delivered_at,o1_0.shipped_at,o1_0.status,o1_0.total_price,o1_0.updated_at,o1_0.user_id from orders o1_0 where o1_0.id=?
]]></system-out>
  </testcase>
  <testcase name="createOrderForUser_ShouldCreateOrder_WhenCartIsNotEmpty" classname="com.gridiron.ecommerce.integration.order.OrderServiceIntegrationTest" time="0.022">
    <system-out><![CDATA[Hibernate: insert into products (availability_quantity,created_at,description,name,price,updated_at) values (?,?,?,?,?,?) returning id
Hibernate: insert into cart (created_at,updated_at,user_id) values (?,?,?) returning id
Hibernate: insert into cart_item (cart_id,created_at,product_id,quantity,updated_at) values (?,?,?,?,?) returning id
Hibernate: select c1_0.id,c1_0.created_at,c1_0.updated_at,c1_0.user_id from cart c1_0 where c1_0.user_id=?
Hibernate: insert into orders (created_at,canceled_at,delivered_at,shipped_at,status,total_price,updated_at,user_id) values (?,?,?,?,?,?,?,?) returning id
Hibernate: insert into order_items (created_at,order_id,price,product_id,quantity,updated_at) values (?,?,?,?,?,?) returning id
Hibernate: select o1_0.id,o1_0.created_at,o1_0.canceled_at,o1_0.delivered_at,o1_0.shipped_at,o1_0.status,o1_0.total_price,o1_0.updated_at,o1_0.user_id from orders o1_0
]]></system-out>
  </testcase>
</testsuite>